{
"C:\\Users\\SHALOM\\Documents\\Repositories\\inverted-index-api\\routes\\create.js":{"path":"C:\\Users\\SHALOM\\Documents\\Repositories\\inverted-index-api\\routes\\create.js","s":{"1":1,"3":1,"5":1,"7":1,"11":1,"12":1,"13":1,"14":1,"15":1,"16":8,"17":8,"18":8,"19":8,"20":1,"21":1,"22":7,"23":7,"24":4,"25":3,"26":3,"27":1},"f":{"2":8,"3":7,"4":3},"l":{"1":1,"2":1,"3":1,"4":1,"6":1,"8":1,"9":1,"11":1,"13":1,"14":8,"15":8,"18":8,"19":8,"20":1,"21":1,"24":7,"25":7,"26":4,"28":3,"29":3,"34":1},"b":{"3":[1,7],"4":[4,3]},"statementMap":{"1":{"start":{"line":1,"column":0},"end":{"line":null,"column":null}},"3":{"start":{"line":2,"column":0},"end":{"line":null,"column":null}},"5":{"start":{"line":3,"column":0},"end":{"line":null,"column":null}},"7":{"start":{"line":4,"column":0},"end":{"line":null,"column":null}},"11":{"start":{"line":6,"column":0},"end":{"line":null,"column":null}},"12":{"start":{"line":8,"column":0},"end":{"line":null,"column":null}},"13":{"start":{"line":9,"column":0},"end":{"line":null,"column":null}},"14":{"start":{"line":11,"column":0},"end":{"line":null,"column":null}},"15":{"start":{"line":13,"column":0},"end":{"line":null,"column":null}},"16":{"start":{"line":14,"column":8},"end":{"line":null,"column":null}},"17":{"start":{"line":15,"column":8},"end":{"line":null,"column":null}},"18":{"start":{"line":18,"column":8},"end":{"line":null,"column":null}},"19":{"start":{"line":19,"column":6},"end":{"line":null,"column":null}},"20":{"start":{"line":20,"column":7},"end":{"line":19,"column":32}},"21":{"start":{"line":21,"column":11},"end":{"line":null,"column":null}},"22":{"start":{"line":24,"column":14},"end":{"line":null,"column":null}},"23":{"start":{"line":25,"column":8},"end":{"line":null,"column":null}},"24":{"start":{"line":26,"column":13},"end":{"line":null,"column":null}},"25":{"start":{"line":28,"column":18},"end":{"line":null,"column":null}},"26":{"start":{"line":29,"column":10},"end":{"line":null,"column":null}},"27":{"start":{"line":34,"column":0},"end":{"line":null,"column":null}}},"fnMap":{"2":{"name":"(anonymous_2)","line":13,"loc":{"start":{"line":13,"column":40},"end":{"line":13,"column":54}}},"3":{"name":"(anonymous_3)","line":24,"loc":{"start":{"line":24,"column":35},"end":{"line":24,"column":53}}},"4":{"name":"(anonymous_4)","line":28,"loc":{"start":{"line":28,"column":57},"end":{"line":28,"column":70}}}},"branchMap":{"3":{"line":19,"type":"if","locations":[{"start":{"line":19,"column":6},"end":{"line":19,"column":6}},{"start":{"line":19,"column":6},"end":{"line":19,"column":6}}]},"4":{"line":25,"type":"if","locations":[{"start":{"line":25,"column":8},"end":{"line":25,"column":8}},{"start":{"line":25,"column":8},"end":{"line":25,"column":8}}]}}},
"C:\\Users\\SHALOM\\Documents\\Repositories\\inverted-index-api\\src\\file-handler.js":{"path":"C:\\Users\\SHALOM\\Documents\\Repositories\\inverted-index-api\\src\\file-handler.js","s":{"1":1,"5":1,"6":7,"7":7,"8":7,"9":7,"10":1,"11":1,"12":6,"13":6,"14":1,"15":1,"16":5,"17":5,"18":3,"19":3,"20":6,"21":6,"22":6,"23":6,"24":2,"25":2,"26":3,"27":1,"28":2,"29":2,"30":2,"31":2,"32":1,"33":1,"34":3},"f":{"2":7,"3":7,"4":6},"l":{"1":1,"9":1,"11":7,"12":7,"13":7,"15":7,"16":1,"17":1,"20":6,"21":6,"23":1,"24":1,"27":5,"28":5,"29":3,"30":3,"31":6,"32":6,"33":6,"34":6,"35":2,"36":2,"39":3,"40":1,"43":2,"44":2,"45":2,"46":2,"47":1,"48":1,"52":3},"b":{"3":[1,6],"4":[3,2],"5":[2,4],"6":[6,6,4],"7":[1,2],"8":[1,1],"9":[2,1,1]},"statementMap":{"1":{"start":{"line":1,"column":0},"end":{"line":null,"column":null}},"5":{"start":{"line":9,"column":0},"end":{"line":null,"column":null}},"6":{"start":{"line":11,"column":7},"end":{"line":null,"column":null}},"7":{"start":{"line":12,"column":9},"end":{"line":11,"column":49}},"8":{"start":{"line":13,"column":12},"end":{"line":null,"column":null}},"9":{"start":{"line":15,"column":10},"end":{"line":null,"column":null}},"10":{"start":{"line":16,"column":20},"end":{"line":null,"column":null}},"11":{"start":{"line":17,"column":15},"end":{"line":null,"column":null}},"12":{"start":{"line":20,"column":10},"end":{"line":null,"column":null}},"13":{"start":{"line":21,"column":13},"end":{"line":null,"column":null}},"14":{"start":{"line":23,"column":20},"end":{"line":null,"column":null}},"15":{"start":{"line":24,"column":15},"end":{"line":null,"column":null}},"16":{"start":{"line":27,"column":12},"end":{"line":null,"column":null}},"17":{"start":{"line":28,"column":10},"end":{"line":null,"column":null}},"18":{"start":{"line":29,"column":12},"end":{"line":null,"column":null}},"19":{"start":{"line":30,"column":15},"end":{"line":null,"column":null}},"20":{"start":{"line":31,"column":16},"end":{"line":null,"column":null}},"21":{"start":{"line":32,"column":16},"end":{"line":null,"column":null}},"22":{"start":{"line":33,"column":16},"end":{"line":null,"column":null}},"23":{"start":{"line":34,"column":14},"end":{"line":null,"column":null}},"24":{"start":{"line":35,"column":24},"end":{"line":null,"column":null}},"25":{"start":{"line":36,"column":20},"end":{"line":null,"column":null}},"26":{"start":{"line":39,"column":12},"end":{"line":null,"column":null}},"27":{"start":{"line":40,"column":17},"end":{"line":null,"column":null}},"28":{"start":{"line":43,"column":14},"end":{"line":null,"column":null}},"29":{"start":{"line":44,"column":14},"end":{"line":null,"column":null}},"30":{"start":{"line":45,"column":14},"end":{"line":null,"column":null}},"31":{"start":{"line":46,"column":12},"end":{"line":null,"column":null}},"32":{"start":{"line":47,"column":22},"end":{"line":null,"column":null}},"33":{"start":{"line":48,"column":17},"end":{"line":null,"column":null}},"34":{"start":{"line":52,"column":13},"end":{"line":null,"column":null}}},"fnMap":{"2":{"name":"getContent","line":10,"loc":{"start":{"line":10,"column":13},"end":{"line":10,"column":33}}},"3":{"name":"(anonymous_3)","line":11,"loc":{"start":{"line":11,"column":34},"end":{"line":11,"column":49}}},"4":{"name":"(anonymous_4)","line":30,"loc":{"start":{"line":30,"column":23},"end":{"line":30,"column":33}}}},"branchMap":{"3":{"line":15,"type":"if","locations":[{"start":{"line":15,"column":10},"end":{"line":15,"column":10}},{"start":{"line":15,"column":10},"end":{"line":15,"column":10}}]},"4":{"line":28,"type":"if","locations":[{"start":{"line":28,"column":10},"end":{"line":28,"column":10}},{"start":{"line":28,"column":10},"end":{"line":28,"column":10}}]},"5":{"line":34,"type":"if","locations":[{"start":{"line":34,"column":14},"end":{"line":34,"column":14}},{"start":{"line":34,"column":14},"end":{"line":34,"column":14}}]},"6":{"line":34,"type":"binary-expr","locations":[{"start":{"line":34,"column":14},"end":{"line":34,"column":14}},{"start":{"line":34,"column":31},"end":{"line":34,"column":14}},{"start":{"line":34,"column":49},"end":{"line":34,"column":10}}]},"7":{"line":39,"type":"if","locations":[{"start":{"line":39,"column":12},"end":{"line":39,"column":12}},{"start":{"line":39,"column":12},"end":{"line":39,"column":12}}]},"8":{"line":46,"type":"if","locations":[{"start":{"line":46,"column":12},"end":{"line":46,"column":12}},{"start":{"line":46,"column":12},"end":{"line":46,"column":12}}]},"9":{"line":46,"type":"binary-expr","locations":[{"start":{"line":46,"column":12},"end":{"line":46,"column":12}},{"start":{"line":46,"column":29},"end":{"line":46,"column":12}},{"start":{"line":46,"column":47},"end":{"line":46,"column":8}}]}}},
"C:\\Users\\SHALOM\\Documents\\Repositories\\inverted-index-api\\src\\inverted-index.js":{"path":"C:\\Users\\SHALOM\\Documents\\Repositories\\inverted-index-api\\src\\inverted-index.js","s":{"16":1,"18":1,"25":1,"26":1,"31":23,"32":35,"33":9,"34":26,"35":6,"36":6,"37":6,"38":6,"39":6,"40":1,"41":3,"42":3,"43":3,"44":3,"46":7,"47":9,"48":7,"49":7,"50":7,"51":7,"52":11,"53":0,"54":0,"55":11,"56":74,"57":2,"58":72,"59":93,"60":0,"61":0,"62":7,"63":1,"64":6,"65":1,"66":1,"67":1,"68":1,"69":0,"70":1,"71":1,"72":1,"73":2,"74":1,"75":5,"76":7,"77":7,"78":7,"79":7,"80":7,"81":15,"82":7,"83":6,"85":1},"f":{"8":23,"9":35,"10":6,"11":3,"12":3,"13":3,"14":7,"15":11,"16":74,"17":93,"18":2,"19":7,"20":15},"l":{"1":1,"2":1,"4":1,"9":1,"17":23,"18":35,"19":9,"21":26,"32":6,"33":6,"34":6,"35":6,"36":6,"37":1,"47":3,"48":3,"49":3,"58":9,"59":7,"60":7,"61":7,"63":7,"65":11,"66":0,"67":0,"69":11,"71":74,"72":2,"74":72,"75":93,"76":0,"77":0,"83":7,"84":1,"87":6,"88":1,"89":1,"90":1,"91":1,"92":0,"94":1,"95":1,"96":1,"97":2,"99":1,"102":5,"103":7,"104":7,"105":7,"106":7,"107":7,"108":15,"110":7,"113":6,"117":1},"b":{"8":[9,26],"9":[1,5],"10":[0,11],"11":[2,72],"12":[0,93],"13":[1,6],"14":[1,5],"15":[0,1]},"statementMap":{"16":{"start":{"line":1,"column":0},"end":{"line":null,"column":null}},"18":{"start":{"line":2,"column":0},"end":{"line":null,"column":null}},"25":{"start":{"line":4,"column":0},"end":{"line":null,"column":null}},"26":{"start":{"line":9,"column":6},"end":{"line":null,"column":null}},"31":{"start":{"line":17,"column":10},"end":{"line":null,"column":null}},"32":{"start":{"line":18,"column":10},"end":{"line":null,"column":null}},"33":{"start":{"line":19,"column":13},"end":{"line":null,"column":null}},"34":{"start":{"line":21,"column":18},"end":{"line":null,"column":null}},"35":{"start":{"line":32,"column":10},"end":{"line":null,"column":null}},"36":{"start":{"line":33,"column":9},"end":{"line":null,"column":null}},"37":{"start":{"line":34,"column":10},"end":{"line":null,"column":null}},"38":{"start":{"line":35,"column":10},"end":{"line":null,"column":null}},"39":{"start":{"line":36,"column":8},"end":{"line":null,"column":null}},"40":{"start":{"line":37,"column":13},"end":{"line":null,"column":null}},"41":{"start":{"line":47,"column":9},"end":{"line":null,"column":null}},"42":{"start":{"line":48,"column":11},"end":{"line":null,"column":null}},"43":{"start":{"line":49,"column":16},"end":{"line":null,"column":null}},"44":{"start":{"line":49,"column":53},"end":{"line":null,"column":null}},"46":{"start":{"line":58,"column":24},"end":{"line":null,"column":null}},"47":{"start":{"line":58,"column":31},"end":{"line":null,"column":null}},"48":{"start":{"line":59,"column":10},"end":{"line":null,"column":null}},"49":{"start":{"line":60,"column":10},"end":{"line":null,"column":null}},"50":{"start":{"line":61,"column":8},"end":{"line":null,"column":null}},"51":{"start":{"line":63,"column":11},"end":{"line":null,"column":null}},"52":{"start":{"line":65,"column":11},"end":{"line":null,"column":null}},"53":{"start":{"line":66,"column":21},"end":{"line":null,"column":null}},"54":{"start":{"line":67,"column":15},"end":{"line":null,"column":null}},"55":{"start":{"line":69,"column":13},"end":{"line":null,"column":null}},"56":{"start":{"line":71,"column":12},"end":{"line":null,"column":null}},"57":{"start":{"line":72,"column":23},"end":{"line":null,"column":null}},"58":{"start":{"line":74,"column":17},"end":{"line":null,"column":null}},"59":{"start":{"line":75,"column":17},"end":{"line":null,"column":null}},"60":{"start":{"line":76,"column":27},"end":{"line":null,"column":null}},"61":{"start":{"line":77,"column":21},"end":{"line":null,"column":null}},"62":{"start":{"line":83,"column":8},"end":{"line":null,"column":null}},"63":{"start":{"line":84,"column":13},"end":{"line":null,"column":null}},"64":{"start":{"line":87,"column":8},"end":{"line":null,"column":null}},"65":{"start":{"line":88,"column":12},"end":{"line":null,"column":null}},"66":{"start":{"line":89,"column":12},"end":{"line":null,"column":null}},"67":{"start":{"line":90,"column":12},"end":{"line":null,"column":null}},"68":{"start":{"line":91,"column":10},"end":{"line":null,"column":null}},"69":{"start":{"line":92,"column":15},"end":{"line":null,"column":null}},"70":{"start":{"line":94,"column":12},"end":{"line":null,"column":null}},"71":{"start":{"line":95,"column":11},"end":{"line":null,"column":null}},"72":{"start":{"line":96,"column":13},"end":{"line":null,"column":null}},"73":{"start":{"line":97,"column":18},"end":{"line":null,"column":null}},"74":{"start":{"line":99,"column":13},"end":{"line":null,"column":null}},"75":{"start":{"line":102,"column":13},"end":{"line":null,"column":null}},"76":{"start":{"line":103,"column":14},"end":{"line":null,"column":null}},"77":{"start":{"line":104,"column":14},"end":{"line":null,"column":null}},"78":{"start":{"line":105,"column":14},"end":{"line":null,"column":null}},"79":{"start":{"line":106,"column":13},"end":{"line":null,"column":null}},"80":{"start":{"line":107,"column":15},"end":{"line":null,"column":null}},"81":{"start":{"line":108,"column":20},"end":{"line":null,"column":null}},"82":{"start":{"line":110,"column":15},"end":{"line":null,"column":null}},"83":{"start":{"line":113,"column":11},"end":{"line":null,"column":null}},"85":{"start":{"line":117,"column":0},"end":{"line":null,"column":null}}},"fnMap":{"8":{"name":"getTokens","line":16,"loc":{"start":{"line":16,"column":12},"end":{"line":16,"column":30}}},"9":{"name":"(anonymous_9)","line":17,"loc":{"start":{"line":17,"column":18},"end":{"line":17,"column":31}}},"10":{"name":"hasFileName","line":31,"loc":{"start":{"line":31,"column":14},"end":{"line":31,"column":20}}},"11":{"name":"createIndex","line":46,"loc":{"start":{"line":46,"column":14},"end":{"line":46,"column":43}}},"12":{"name":"(anonymous_12)","line":48,"loc":{"start":{"line":48,"column":38},"end":{"line":48,"column":60}}},"13":{"name":"(anonymous_13)","line":49,"loc":{"start":{"line":49,"column":44},"end":{"line":null,"column":null}}},"14":{"name":"searchIndex","line":58,"loc":{"start":{"line":58,"column":14},"end":{"line":58,"column":31}}},"15":{"name":"(anonymous_15)","line":63,"loc":{"start":{"line":63,"column":31},"end":{"line":63,"column":45}}},"16":{"name":"(anonymous_16)","line":69,"loc":{"start":{"line":69,"column":45},"end":{"line":69,"column":56}}},"17":{"name":"(anonymous_17)","line":74,"loc":{"start":{"line":74,"column":43},"end":{"line":74,"column":54}}},"18":{"name":"(anonymous_18)","line":96,"loc":{"start":{"line":96,"column":21},"end":{"line":96,"column":32}}},"19":{"name":"(anonymous_19)","line":102,"loc":{"start":{"line":102,"column":33},"end":{"line":102,"column":47}}},"20":{"name":"(anonymous_20)","line":107,"loc":{"start":{"line":107,"column":23},"end":{"line":107,"column":34}}}},"branchMap":{"8":{"line":18,"type":"if","locations":[{"start":{"line":18,"column":10},"end":{"line":18,"column":10}},{"start":{"line":18,"column":10},"end":{"line":18,"column":10}}]},"9":{"line":36,"type":"if","locations":[{"start":{"line":36,"column":8},"end":{"line":36,"column":8}},{"start":{"line":36,"column":8},"end":{"line":36,"column":8}}]},"10":{"line":65,"type":"if","locations":[{"start":{"line":65,"column":11},"end":{"line":65,"column":11}},{"start":{"line":65,"column":11},"end":{"line":65,"column":11}}]},"11":{"line":71,"type":"if","locations":[{"start":{"line":71,"column":12},"end":{"line":71,"column":12}},{"start":{"line":71,"column":12},"end":{"line":71,"column":12}}]},"12":{"line":75,"type":"if","locations":[{"start":{"line":75,"column":17},"end":{"line":75,"column":17}},{"start":{"line":75,"column":17},"end":{"line":75,"column":17}}]},"13":{"line":83,"type":"if","locations":[{"start":{"line":83,"column":8},"end":{"line":83,"column":8}},{"start":{"line":83,"column":8},"end":{"line":83,"column":8}}]},"14":{"line":87,"type":"if","locations":[{"start":{"line":87,"column":8},"end":{"line":87,"column":8}},{"start":{"line":87,"column":8},"end":{"line":87,"column":8}}]},"15":{"line":91,"type":"if","locations":[{"start":{"line":91,"column":10},"end":{"line":91,"column":10}},{"start":{"line":91,"column":10},"end":{"line":91,"column":10}}]}}},
"C:\\Users\\SHALOM\\Documents\\Repositories\\inverted-index-api\\src\\content-filter.js":{"path":"C:\\Users\\SHALOM\\Documents\\Repositories\\inverted-index-api\\src\\content-filter.js","s":{"1":1,"2":5,"3":5,"4":5,"5":1,"6":8,"7":49,"8":0,"9":8,"10":49,"11":8,"12":1,"13":5,"14":5,"15":5,"16":5,"17":5,"18":5,"19":5,"20":1,"21":3,"22":3,"23":3,"24":3,"25":2,"26":4,"27":4,"28":4,"29":1,"30":1,"31":1,"32":3,"33":3,"34":3,"35":3},"f":{"1":5,"2":8,"3":49,"4":49,"5":5,"6":3,"7":4},"l":{"5":1,"7":5,"8":5,"9":5,"16":1,"18":8,"19":49,"20":0,"23":49,"24":8,"31":1,"32":5,"33":5,"34":5,"35":5,"36":5,"37":5,"38":5,"47":1,"48":3,"49":3,"50":3,"52":3,"53":2,"54":4,"55":4,"56":4,"59":1,"60":1,"61":1,"64":3,"66":3,"67":3,"68":3},"b":{"1":[0,49],"2":[2,1],"3":[3,3]},"statementMap":{"1":{"start":{"line":5,"column":0},"end":{"line":null,"column":null}},"2":{"start":{"line":7,"column":13},"end":{"line":null,"column":null}},"3":{"start":{"line":8,"column":8},"end":{"line":null,"column":null}},"4":{"start":{"line":9,"column":9},"end":{"line":null,"column":null}},"5":{"start":{"line":16,"column":0},"end":{"line":null,"column":null}},"6":{"start":{"line":18,"column":9},"end":{"line":null,"column":null}},"7":{"start":{"line":19,"column":8},"end":{"line":null,"column":null}},"8":{"start":{"line":20,"column":13},"end":{"line":null,"column":null}},"9":{"start":{"line":23,"column":8},"end":{"line":null,"column":null}},"10":{"start":{"line":23,"column":52},"end":{"line":null,"column":null}},"11":{"start":{"line":24,"column":9},"end":{"line":null,"column":null}},"12":{"start":{"line":31,"column":0},"end":{"line":null,"column":null}},"13":{"start":{"line":32,"column":8},"end":{"line":null,"column":null}},"14":{"start":{"line":33,"column":8},"end":{"line":null,"column":null}},"15":{"start":{"line":34,"column":8},"end":{"line":null,"column":null}},"16":{"start":{"line":35,"column":8},"end":{"line":null,"column":null}},"17":{"start":{"line":36,"column":13},"end":{"line":null,"column":null}},"18":{"start":{"line":37,"column":13},"end":{"line":null,"column":null}},"19":{"start":{"line":38,"column":9},"end":{"line":null,"column":null}},"20":{"start":{"line":47,"column":0},"end":{"line":null,"column":null}},"21":{"start":{"line":48,"column":8},"end":{"line":47,"column":51}},"22":{"start":{"line":49,"column":8},"end":{"line":47,"column":51}},"23":{"start":{"line":50,"column":6},"end":{"line":47,"column":51}},"24":{"start":{"line":52,"column":6},"end":{"line":null,"column":null}},"25":{"start":{"line":53,"column":9},"end":{"line":null,"column":null}},"26":{"start":{"line":54,"column":12},"end":{"line":null,"column":null}},"27":{"start":{"line":55,"column":17},"end":{"line":null,"column":null}},"28":{"start":{"line":56,"column":15},"end":{"line":null,"column":null}},"29":{"start":{"line":59,"column":10},"end":{"line":null,"column":null}},"30":{"start":{"line":60,"column":15},"end":{"line":null,"column":null}},"31":{"start":{"line":61,"column":13},"end":{"line":null,"column":null}},"32":{"start":{"line":64,"column":13},"end":{"line":null,"column":null}},"33":{"start":{"line":66,"column":11},"end":{"line":null,"column":null}},"34":{"start":{"line":67,"column":11},"end":{"line":null,"column":null}},"35":{"start":{"line":68,"column":11},"end":{"line":null,"column":null}}},"fnMap":{"1":{"name":"splitandNormalize","line":5,"loc":{"start":{"line":5,"column":0},"end":{"line":5,"column":37}}},"2":{"name":"removeDuplicatesAndSort","line":16,"loc":{"start":{"line":16,"column":0},"end":{"line":16,"column":41}}},"3":{"name":"(anonymous_3)","line":18,"loc":{"start":{"line":18,"column":17},"end":{"line":18,"column":28}}},"4":{"name":"(anonymous_4)","line":23,"loc":{"start":{"line":23,"column":37},"end":{"line":null,"column":null}}},"5":{"name":"filterBook","line":31,"loc":{"start":{"line":31,"column":0},"end":{"line":31,"column":26}}},"6":{"name":"(anonymous_6)","line":47,"loc":{"start":{"line":47,"column":31},"end":{"line":47,"column":51}}},"7":{"name":"(anonymous_7)","line":53,"loc":{"start":{"line":53,"column":17},"end":{"line":53,"column":27}}}},"branchMap":{"1":{"line":19,"type":"if","locations":[{"start":{"line":19,"column":8},"end":{"line":19,"column":8}},{"start":{"line":19,"column":8},"end":{"line":19,"column":8}}]},"2":{"line":52,"type":"if","locations":[{"start":{"line":52,"column":6},"end":{"line":52,"column":6}},{"start":{"line":52,"column":6},"end":{"line":52,"column":6}}]},"3":{"line":52,"type":"binary-expr","locations":[{"start":{"line":52,"column":6},"end":{"line":52,"column":6}},{"start":{"line":52,"column":32},"end":{"line":52,"column":2}}]}}},
"C:\\Users\\SHALOM\\Documents\\Repositories\\inverted-index-api\\src\\make-index.js":{"path":"C:\\Users\\SHALOM\\Documents\\Repositories\\inverted-index-api\\src\\make-index.js","s":{"1":1,"2":3,"3":3,"4":3,"5":3,"6":3,"7":3,"8":20,"9":20,"10":36,"11":36,"12":36,"13":36,"14":24,"15":20,"16":20,"17":20,"18":3},"f":{"1":3,"2":20},"l":{"1":1,"3":3,"4":3,"5":3,"6":3,"7":3,"8":3,"9":20,"10":20,"11":36,"12":36,"13":36,"14":36,"15":24,"18":20,"19":20,"20":20,"22":3},"b":{"1":[24,12]},"statementMap":{"1":{"start":{"line":1,"column":0},"end":{"line":null,"column":null}},"2":{"start":{"line":3,"column":10},"end":{"line":null,"column":null}},"3":{"start":{"line":4,"column":10},"end":{"line":null,"column":null}},"4":{"start":{"line":5,"column":10},"end":{"line":null,"column":null}},"5":{"start":{"line":6,"column":10},"end":{"line":null,"column":null}},"6":{"start":{"line":7,"column":10},"end":{"line":null,"column":null}},"7":{"start":{"line":8,"column":13},"end":{"line":null,"column":null}},"8":{"start":{"line":9,"column":12},"end":{"line":null,"column":null}},"9":{"start":{"line":10,"column":11},"end":{"line":null,"column":null}},"10":{"start":{"line":11,"column":14},"end":{"line":null,"column":null}},"11":{"start":{"line":12,"column":15},"end":{"line":null,"column":null}},"12":{"start":{"line":13,"column":14},"end":{"line":null,"column":null}},"13":{"start":{"line":14,"column":12},"end":{"line":null,"column":null}},"14":{"start":{"line":15,"column":20},"end":{"line":null,"column":null}},"15":{"start":{"line":18,"column":12},"end":{"line":null,"column":null}},"16":{"start":{"line":19,"column":14},"end":{"line":null,"column":null}},"17":{"start":{"line":20,"column":14},"end":{"line":null,"column":null}},"18":{"start":{"line":22,"column":11},"end":{"line":null,"column":null}}},"fnMap":{"1":{"name":"makeIndex","line":2,"loc":{"start":{"line":2,"column":12},"end":{"line":2,"column":46}}},"2":{"name":"(anonymous_2)","line":8,"loc":{"start":{"line":8,"column":21},"end":{"line":8,"column":31}}}},"branchMap":{"1":{"line":14,"type":"if","locations":[{"start":{"line":14,"column":12},"end":{"line":14,"column":12}},{"start":{"line":14,"column":12},"end":{"line":14,"column":12}}]}}},
"C:\\Users\\SHALOM\\Documents\\Repositories\\inverted-index-api\\routes\\search.js":{"path":"C:\\Users\\SHALOM\\Documents\\Repositories\\inverted-index-api\\routes\\search.js","s":{"1":1,"3":1,"5":1,"7":1,"11":1,"12":1,"13":1,"14":1,"15":1,"16":0,"17":0,"18":0,"19":0,"20":0,"21":0,"22":0,"23":0,"24":0,"25":0,"26":0,"27":0,"28":1},"f":{"2":0,"3":0,"4":0},"l":{"1":1,"2":1,"3":1,"4":1,"6":1,"9":1,"10":1,"12":1,"13":1,"14":0,"15":0,"18":0,"20":0,"21":0,"23":0,"25":0,"27":0,"28":0,"30":0,"32":0,"35":0,"40":1},"b":{"3":[0,0],"4":[0,0]},"statementMap":{"1":{"start":{"line":1,"column":0},"end":{"line":null,"column":null}},"3":{"start":{"line":2,"column":0},"end":{"line":null,"column":null}},"5":{"start":{"line":3,"column":0},"end":{"line":null,"column":null}},"7":{"start":{"line":4,"column":0},"end":{"line":null,"column":null}},"11":{"start":{"line":6,"column":0},"end":{"line":null,"column":null}},"12":{"start":{"line":9,"column":0},"end":{"line":null,"column":null}},"13":{"start":{"line":10,"column":0},"end":{"line":null,"column":null}},"14":{"start":{"line":12,"column":0},"end":{"line":null,"column":null}},"15":{"start":{"line":13,"column":0},"end":{"line":null,"column":null}},"16":{"start":{"line":14,"column":6},"end":{"line":null,"column":null}},"17":{"start":{"line":15,"column":8},"end":{"line":null,"column":null}},"18":{"start":{"line":18,"column":6},"end":{"line":null,"column":null}},"19":{"start":{"line":20,"column":6},"end":{"line":null,"column":null}},"20":{"start":{"line":21,"column":18},"end":{"line":null,"column":null}},"21":{"start":{"line":23,"column":11},"end":{"line":null,"column":null}},"22":{"start":{"line":25,"column":8},"end":{"line":null,"column":null}},"23":{"start":{"line":27,"column":10},"end":{"line":null,"column":null}},"24":{"start":{"line":28,"column":24},"end":{"line":null,"column":null}},"25":{"start":{"line":30,"column":24},"end":{"line":null,"column":null}},"26":{"start":{"line":32,"column":15},"end":{"line":null,"column":null}},"27":{"start":{"line":35,"column":10},"end":{"line":null,"column":null}},"28":{"start":{"line":40,"column":0},"end":{"line":null,"column":null}}},"fnMap":{"2":{"name":"(anonymous_2)","line":13,"loc":{"start":{"line":13,"column":17},"end":{"line":13,"column":31}}},"3":{"name":"(anonymous_3)","line":26,"loc":{"start":{"line":26,"column":4},"end":{"line":26,"column":18}}},"4":{"name":"(anonymous_4)","line":34,"loc":{"start":{"line":34,"column":4},"end":{"line":34,"column":10}}}},"branchMap":{"3":{"line":27,"type":"if","locations":[{"start":{"line":27,"column":10},"end":{"line":27,"column":10}},{"start":{"line":27,"column":10},"end":{"line":27,"column":10}}]},"4":{"line":27,"type":"binary-expr","locations":[{"start":{"line":27,"column":10},"end":{"line":27,"column":10}},{"start":{"line":27,"column":36},"end":{"line":27,"column":6}}]}}}}
