TN:
SF:C:\Users\SHALOM\Documents\Repositories\inverted-index-api\routes\create.js
FN:14,(anonymous_2)
FN:22,(anonymous_3)
FN:39,(anonymous_4)
FN:52,(anonymous_5)
FN:56,(anonymous_6)
FNF:5
FNH:5
FNDA:9,(anonymous_2)
FNDA:8,(anonymous_3)
FNDA:7,(anonymous_4)
FNDA:3,(anonymous_5)
FNDA:3,(anonymous_6)
DA:1,1
DA:2,1
DA:3,1
DA:4,1
DA:5,1
DA:7,1
DA:9,1
DA:10,1
DA:12,1
DA:14,1
DA:15,9
DA:16,9
DA:18,9
DA:19,1
DA:21,8
DA:22,8
DA:23,8
DA:24,8
DA:27,8
DA:28,8
DA:29,1
DA:30,1
DA:31,1
DA:33,1
DA:34,1
DA:39,7
DA:40,7
DA:41,4
DA:42,4
DA:44,4
DA:45,4
DA:49,3
DA:50,3
DA:51,3
DA:53,3
DA:54,3
DA:57,3
DA:59,3
DA:60,3
DA:68,1
LF:40
LH:40
BRDA:18,3,0,1
BRDA:18,3,1,8
BRDA:18,4,0,9
BRDA:18,4,1,8
BRDA:28,5,0,1
BRDA:28,5,1,7
BRDA:33,6,0,1
BRDA:33,6,1,0
BRDA:40,7,0,4
BRDA:40,7,1,3
BRDA:44,8,0,4
BRDA:44,8,1,0
BRDA:59,9,0,3
BRDA:59,9,1,0
BRF:14
BRH:11
end_of_record
TN:
SF:C:\Users\SHALOM\Documents\Repositories\inverted-index-api\src\file-handler.js
FN:10,getContent
FN:11,(anonymous_3)
FN:30,(anonymous_4)
FNF:3
FNH:3
FNDA:7,getContent
FNDA:7,(anonymous_3)
FNDA:6,(anonymous_4)
DA:1,1
DA:9,1
DA:11,7
DA:12,7
DA:13,7
DA:15,7
DA:16,1
DA:17,1
DA:20,6
DA:21,6
DA:23,1
DA:24,1
DA:27,5
DA:28,5
DA:29,3
DA:30,3
DA:31,6
DA:32,6
DA:33,6
DA:34,6
DA:35,2
DA:36,2
DA:39,3
DA:40,1
DA:43,2
DA:44,2
DA:45,2
DA:46,2
DA:47,1
DA:48,1
DA:52,3
LF:31
LH:31
BRDA:15,3,0,1
BRDA:15,3,1,6
BRDA:28,4,0,3
BRDA:28,4,1,2
BRDA:34,5,0,2
BRDA:34,5,1,4
BRDA:34,6,0,6
BRDA:34,6,1,6
BRDA:34,6,2,4
BRDA:39,7,0,1
BRDA:39,7,1,2
BRDA:46,8,0,1
BRDA:46,8,1,1
BRDA:46,9,0,2
BRDA:46,9,1,1
BRDA:46,9,2,1
BRF:16
BRH:16
end_of_record
TN:
SF:C:\Users\SHALOM\Documents\Repositories\inverted-index-api\src\inverted-index.js
FN:17,createIndex
FN:20,(anonymous_9)
FN:22,(anonymous_10)
FN:23,(anonymous_11)
FN:30,(anonymous_12)
FN:44,searchIndex
FN:49,(anonymous_14)
FN:58,(anonymous_15)
FN:63,(anonymous_16)
FN:90,(anonymous_17)
FN:96,(anonymous_18)
FN:105,(anonymous_19)
FN:119,getTokens
FN:120,(anonymous_21)
FN:137,hasFileName
FNF:15
FNH:13
FNDA:3,createIndex
FNDA:3,(anonymous_9)
FNDA:3,(anonymous_10)
FNDA:3,(anonymous_11)
FNDA:3,(anonymous_12)
FNDA:12,searchIndex
FNDA:19,(anonymous_14)
FNDA:0,(anonymous_15)
FNDA:0,(anonymous_16)
FNDA:4,(anonymous_17)
FNDA:12,(anonymous_18)
FNDA:25,(anonymous_19)
FNDA:43,getTokens
FNDA:65,(anonymous_21)
FNDA:12,hasFileName
DA:1,1
DA:2,1
DA:3,1
DA:5,1
DA:10,1
DA:18,3
DA:19,3
DA:20,3
DA:21,3
DA:23,3
DA:25,3
DA:26,3
DA:31,3
DA:35,3
DA:36,3
DA:44,16
DA:45,12
DA:46,12
DA:47,12
DA:49,12
DA:51,19
DA:54,0
DA:55,0
DA:58,0
DA:60,0
DA:61,0
DA:63,0
DA:64,0
DA:65,0
DA:66,0
DA:72,12
DA:73,0
DA:76,12
DA:77,3
DA:78,3
DA:80,3
DA:81,1
DA:84,2
DA:85,2
DA:86,0
DA:88,2
DA:89,2
DA:90,2
DA:91,4
DA:93,2
DA:96,9
DA:97,12
DA:99,12
DA:102,12
DA:103,12
DA:104,12
DA:105,12
DA:106,25
DA:108,11
DA:111,10
DA:120,43
DA:121,65
DA:122,15
DA:123,50
DA:124,2
DA:125,2
DA:127,48
DA:138,12
DA:139,12
DA:140,12
DA:141,12
DA:142,12
DA:143,3
DA:148,1
LF:69
LH:58
BRDA:35,8,0,3
BRDA:35,8,1,0
BRDA:51,9,0,19
BRDA:51,9,1,0
BRDA:54,10,0,0
BRDA:54,10,1,0
BRDA:54,11,0,0
BRDA:54,11,1,0
BRDA:60,12,0,0
BRDA:60,12,1,0
BRDA:64,13,0,0
BRDA:64,13,1,0
BRDA:72,14,0,0
BRDA:72,14,1,12
BRDA:76,15,0,3
BRDA:76,15,1,9
BRDA:80,16,0,1
BRDA:80,16,1,2
BRDA:85,17,0,0
BRDA:85,17,1,2
BRDA:99,18,0,0
BRDA:99,18,1,12
BRDA:121,19,0,15
BRDA:121,19,1,50
BRDA:123,20,0,2
BRDA:123,20,1,48
BRDA:142,21,0,3
BRDA:142,21,1,9
BRF:28
BRH:15
end_of_record
TN:
SF:C:\Users\SHALOM\Documents\Repositories\inverted-index-api\src\content-filter.js
FN:5,splitandNormalize
FN:16,removeDuplicatesAndSort
FN:18,(anonymous_3)
FN:23,(anonymous_4)
FN:31,filterBook
FN:47,contentFilter
FN:53,(anonymous_7)
FNF:7
FNH:7
FNDA:5,splitandNormalize
FNDA:8,removeDuplicatesAndSort
FNDA:49,(anonymous_3)
FNDA:49,(anonymous_4)
FNDA:5,filterBook
FNDA:3,contentFilter
FNDA:4,(anonymous_7)
DA:5,1
DA:7,5
DA:8,5
DA:9,5
DA:16,1
DA:18,8
DA:19,49
DA:20,0
DA:23,49
DA:24,8
DA:31,1
DA:32,5
DA:33,5
DA:34,5
DA:35,5
DA:36,5
DA:37,5
DA:38,5
DA:47,1
DA:48,3
DA:49,3
DA:50,3
DA:52,3
DA:53,2
DA:54,4
DA:55,4
DA:56,4
DA:59,1
DA:60,1
DA:61,1
DA:64,3
DA:66,3
DA:67,3
DA:68,3
LF:34
LH:33
BRDA:19,1,0,0
BRDA:19,1,1,49
BRDA:52,2,0,2
BRDA:52,2,1,1
BRDA:52,3,0,3
BRDA:52,3,1,3
BRF:6
BRH:5
end_of_record
TN:
SF:C:\Users\SHALOM\Documents\Repositories\inverted-index-api\src\make-index.js
FN:2,makeIndex
FN:8,(anonymous_2)
FNF:2
FNH:2
FNDA:3,makeIndex
FNDA:20,(anonymous_2)
DA:1,1
DA:3,3
DA:4,3
DA:5,3
DA:6,3
DA:7,3
DA:8,3
DA:9,20
DA:10,20
DA:11,36
DA:12,36
DA:13,36
DA:14,36
DA:15,24
DA:18,20
DA:19,20
DA:20,20
DA:22,3
LF:18
LH:18
BRDA:14,1,0,24
BRDA:14,1,1,12
BRF:2
BRH:2
end_of_record
TN:
SF:C:\Users\SHALOM\Documents\Repositories\inverted-index-api\routes\search.js
FN:13,(anonymous_4)
FN:39,(anonymous_5)
FN:47,(anonymous_6)
FNF:3
FNH:3
FNDA:2,(anonymous_4)
FNDA:2,(anonymous_5)
FNDA:2,(anonymous_6)
DA:1,1
DA:2,1
DA:3,1
DA:4,1
DA:6,1
DA:9,1
DA:10,1
DA:12,1
DA:13,1
DA:14,2
DA:15,2
DA:18,2
DA:20,2
DA:21,0
DA:22,0
DA:24,0
DA:25,0
DA:28,2
DA:31,2
DA:32,0
DA:35,2
DA:36,0
DA:38,2
DA:40,2
DA:41,1
DA:43,1
DA:45,2
DA:48,2
DA:53,1
LF:29
LH:23
BRDA:20,7,0,0
BRDA:20,7,1,2
BRDA:20,8,0,0
BRDA:20,8,1,2
BRDA:31,9,0,0
BRDA:31,9,1,2
BRDA:35,10,0,0
BRDA:35,10,1,2
BRDA:35,11,0,2
BRDA:35,11,1,1
BRDA:40,12,0,1
BRDA:40,12,1,1
BRDA:40,13,0,2
BRDA:40,13,1,1
BRF:14
BRH:10
end_of_record
