TN:
SF:C:\Users\SHALOM\Documents\Repositories\inverted-index-api\routes\create.js
FN:14,(anonymous_2)
FN:22,(anonymous_3)
FN:39,(anonymous_4)
FN:52,(anonymous_5)
FN:56,(anonymous_6)
FNF:5
FNH:5
FNDA:9,(anonymous_2)
FNDA:8,(anonymous_3)
FNDA:7,(anonymous_4)
FNDA:3,(anonymous_5)
FNDA:3,(anonymous_6)
DA:1,1
DA:2,1
DA:3,1
DA:4,1
DA:5,1
DA:7,1
DA:9,1
DA:10,1
DA:12,1
DA:14,1
DA:15,9
DA:16,9
DA:18,9
DA:19,1
DA:21,8
DA:22,8
DA:23,8
DA:24,8
DA:27,8
DA:28,8
DA:29,1
DA:31,1
DA:33,1
DA:34,1
DA:39,7
DA:40,7
DA:41,4
DA:42,4
DA:44,4
DA:45,4
DA:49,3
DA:50,3
DA:51,3
DA:53,3
DA:54,3
DA:57,3
DA:59,3
DA:60,3
DA:68,1
LF:39
LH:39
BRDA:18,3,0,1
BRDA:18,3,1,8
BRDA:18,4,0,9
BRDA:18,4,1,8
BRDA:28,5,0,1
BRDA:28,5,1,7
BRDA:33,6,0,1
BRDA:33,6,1,0
BRDA:40,7,0,4
BRDA:40,7,1,3
BRDA:44,8,0,4
BRDA:44,8,1,0
BRDA:59,9,0,3
BRDA:59,9,1,0
BRF:14
BRH:11
end_of_record
TN:
SF:C:\Users\SHALOM\Documents\Repositories\inverted-index-api\src\file-handler.js
FN:10,getContent
FN:11,(anonymous_3)
FN:30,(anonymous_4)
FNF:3
FNH:3
FNDA:7,getContent
FNDA:7,(anonymous_3)
FNDA:6,(anonymous_4)
DA:1,1
DA:9,1
DA:11,7
DA:12,7
DA:13,7
DA:15,7
DA:16,1
DA:17,1
DA:20,6
DA:21,6
DA:23,1
DA:24,1
DA:27,5
DA:28,5
DA:29,3
DA:30,3
DA:31,6
DA:32,6
DA:33,6
DA:34,6
DA:35,2
DA:36,2
DA:39,3
DA:40,1
DA:43,2
DA:44,2
DA:45,2
DA:46,2
DA:47,1
DA:48,1
DA:52,3
LF:31
LH:31
BRDA:15,3,0,1
BRDA:15,3,1,6
BRDA:28,4,0,3
BRDA:28,4,1,2
BRDA:34,5,0,2
BRDA:34,5,1,4
BRDA:34,6,0,6
BRDA:34,6,1,6
BRDA:34,6,2,4
BRDA:39,7,0,1
BRDA:39,7,1,2
BRDA:46,8,0,1
BRDA:46,8,1,1
BRDA:46,9,0,2
BRDA:46,9,1,1
BRDA:46,9,2,1
BRF:16
BRH:16
end_of_record
TN:
SF:C:\Users\SHALOM\Documents\Repositories\inverted-index-api\src\inverted-index.js
FN:17,createIndex
FN:20,(anonymous_9)
FN:22,(anonymous_10)
FN:23,(anonymous_11)
FN:30,(anonymous_12)
FN:44,searchIndex
FN:49,(anonymous_14)
FN:64,(anonymous_15)
FN:69,(anonymous_16)
FN:91,(anonymous_17)
FN:97,(anonymous_18)
FN:102,(anonymous_19)
FN:116,getTokens
FN:117,(anonymous_21)
FN:134,hasFileName
FNF:15
FNH:15
FNDA:3,createIndex
FNDA:3,(anonymous_9)
FNDA:3,(anonymous_10)
FNDA:3,(anonymous_11)
FNDA:3,(anonymous_12)
FNDA:9,searchIndex
FNDA:15,(anonymous_14)
FNDA:104,(anonymous_15)
FNDA:135,(anonymous_16)
FNDA:4,(anonymous_17)
FNDA:9,(anonymous_18)
FNDA:22,(anonymous_19)
FNDA:35,getTokens
FNDA:55,(anonymous_21)
FNDA:8,hasFileName
DA:1,1
DA:2,1
DA:3,1
DA:5,1
DA:10,1
DA:18,3
DA:19,3
DA:20,3
DA:21,3
DA:23,3
DA:25,3
DA:26,3
DA:31,3
DA:35,3
DA:36,3
DA:44,12
DA:45,9
DA:46,9
DA:47,9
DA:49,9
DA:51,15
DA:52,0
DA:56,15
DA:57,0
DA:60,15
DA:61,2
DA:64,13
DA:66,104
DA:67,0
DA:69,104
DA:70,135
DA:71,0
DA:72,0
DA:78,9
DA:79,1
DA:82,8
DA:83,2
DA:84,2
DA:85,2
DA:86,2
DA:87,0
DA:89,2
DA:90,2
DA:91,2
DA:92,4
DA:94,2
DA:97,6
DA:98,9
DA:99,9
DA:100,9
DA:101,9
DA:102,9
DA:103,22
DA:105,9
DA:108,8
DA:117,35
DA:118,55
DA:119,14
DA:120,41
DA:121,2
DA:122,2
DA:124,39
DA:135,8
DA:136,8
DA:137,8
DA:138,8
DA:139,8
DA:140,2
DA:145,1
LF:69
LH:63
BRDA:35,8,0,3
BRDA:35,8,1,0
BRDA:51,9,0,0
BRDA:51,9,1,15
BRDA:56,10,0,0
BRDA:56,10,1,15
BRDA:56,11,0,15
BRDA:56,11,1,15
BRDA:60,12,0,2
BRDA:60,12,1,13
BRDA:60,13,0,15
BRDA:60,13,1,15
BRDA:66,14,0,0
BRDA:66,14,1,104
BRDA:70,15,0,0
BRDA:70,15,1,135
BRDA:78,16,0,1
BRDA:78,16,1,8
BRDA:82,17,0,2
BRDA:82,17,1,6
BRDA:86,18,0,0
BRDA:86,18,1,2
BRDA:118,19,0,14
BRDA:118,19,1,41
BRDA:120,20,0,2
BRDA:120,20,1,39
BRDA:139,21,0,2
BRDA:139,21,1,6
BRF:28
BRH:22
end_of_record
TN:
SF:C:\Users\SHALOM\Documents\Repositories\inverted-index-api\src\content-filter.js
FN:5,splitandNormalize
FN:16,removeDuplicatesAndSort
FN:18,(anonymous_3)
FN:23,(anonymous_4)
FN:31,filterBook
FN:47,(anonymous_6)
FN:53,(anonymous_7)
FNF:7
FNH:7
FNDA:5,splitandNormalize
FNDA:8,removeDuplicatesAndSort
FNDA:49,(anonymous_3)
FNDA:49,(anonymous_4)
FNDA:5,filterBook
FNDA:3,(anonymous_6)
FNDA:4,(anonymous_7)
DA:5,1
DA:7,5
DA:8,5
DA:9,5
DA:16,1
DA:18,8
DA:19,49
DA:20,0
DA:23,49
DA:24,8
DA:31,1
DA:32,5
DA:33,5
DA:34,5
DA:35,5
DA:36,5
DA:37,5
DA:38,5
DA:47,1
DA:48,3
DA:49,3
DA:50,3
DA:52,3
DA:53,2
DA:54,4
DA:55,4
DA:56,4
DA:59,1
DA:60,1
DA:61,1
DA:64,3
DA:66,3
DA:67,3
DA:68,3
LF:34
LH:33
BRDA:19,1,0,0
BRDA:19,1,1,49
BRDA:52,2,0,2
BRDA:52,2,1,1
BRDA:52,3,0,3
BRDA:52,3,1,3
BRF:6
BRH:5
end_of_record
TN:
SF:C:\Users\SHALOM\Documents\Repositories\inverted-index-api\src\make-index.js
FN:2,makeIndex
FN:8,(anonymous_2)
FNF:2
FNH:2
FNDA:3,makeIndex
FNDA:20,(anonymous_2)
DA:1,1
DA:3,3
DA:4,3
DA:5,3
DA:6,3
DA:7,3
DA:8,3
DA:9,20
DA:10,20
DA:11,36
DA:12,36
DA:13,36
DA:14,36
DA:15,24
DA:18,20
DA:19,20
DA:20,20
DA:22,3
LF:18
LH:18
BRDA:14,1,0,24
BRDA:14,1,1,12
BRF:2
BRH:2
end_of_record
TN:
SF:C:\Users\SHALOM\Documents\Repositories\inverted-index-api\routes\search.js
FN:13,(anonymous_4)
FN:38,(anonymous_5)
FN:46,(anonymous_6)
FNF:3
FNH:3
FNDA:2,(anonymous_4)
FNDA:2,(anonymous_5)
FNDA:2,(anonymous_6)
DA:1,1
DA:2,1
DA:3,1
DA:4,1
DA:6,1
DA:9,1
DA:10,1
DA:12,1
DA:13,1
DA:14,2
DA:15,2
DA:18,2
DA:20,2
DA:21,0
DA:22,0
DA:24,0
DA:27,2
DA:30,2
DA:31,0
DA:34,2
DA:35,0
DA:37,2
DA:39,2
DA:40,1
DA:42,1
DA:44,2
DA:47,2
DA:52,1
LF:28
LH:23
BRDA:20,7,0,0
BRDA:20,7,1,2
BRDA:20,8,0,0
BRDA:20,8,1,2
BRDA:30,9,0,0
BRDA:30,9,1,2
BRDA:34,10,0,0
BRDA:34,10,1,2
BRDA:34,11,0,2
BRDA:34,11,1,1
BRDA:39,12,0,1
BRDA:39,12,1,1
BRDA:39,13,0,2
BRDA:39,13,1,1
BRF:14
BRH:10
end_of_record
